2024-01-28 19:25:58.619  INFO 34005 --- [main] b.c.PropertySourceBootstrapConfiguration : Located property source: [BootstrapPropertySource {name='bootstrapProperties-/config/spring-boot-localstack_localstack/'}, BootstrapPropertySource {name='bootstrapProperties-/config/spring-boot-localstack/'}, BootstrapPropertySource {name='bootstrapProperties-/config/application_localstack/'}, BootstrapPropertySource {name='bootstrapProperties-/config/application/'}]
2024-01-28 19:25:58.813  INFO 34005 --- [main] b.c.PropertySourceBootstrapConfiguration : Located property source: [BootstrapPropertySource {name='bootstrapProperties-/secret/spring-boot-localstack_localstack'}, BootstrapPropertySource {name='bootstrapProperties-/secret/spring-boot-localstack'}, BootstrapPropertySource {name='bootstrapProperties-/secret/application_localstack'}, BootstrapPropertySource {name='bootstrapProperties-/secret/application'}]
2024-01-28 19:25:58.842  INFO 34005 --- [main] b.c.s.SpringbootLocalstackApplication    : The following 1 profile is active: "localstack"
2024-01-28 19:25:58.865  INFO 34005 --- [main] i.a.c.p.AwsParamStorePropertySources     : Loading property from AWS Parameter Store with name: /config/spring-boot-localstack_localstack/, optional: false
2024-01-28 19:25:58.866  INFO 34005 --- [main] i.a.c.p.AwsParamStorePropertySources     : Loading property from AWS Parameter Store with name: /config/spring-boot-localstack/, optional: false
2024-01-28 19:25:58.866  INFO 34005 --- [main] i.a.c.p.AwsParamStorePropertySources     : Loading property from AWS Parameter Store with name: /config/application_localstack/, optional: false
2024-01-28 19:25:58.867  INFO 34005 --- [main] i.a.c.p.AwsParamStorePropertySources     : Loading property from AWS Parameter Store with name: /config/application/, optional: false
2024-01-28 19:25:58.867  INFO 34005 --- [main] i.a.c.s.AwsSecretsManagerPropertySources : Loading secrets from AWS Secret Manager secret with name: /secret/spring-boot-localstack_localstack, optional: false
2024-01-28 19:25:58.867  INFO 34005 --- [main] i.a.c.s.AwsSecretsManagerPropertySources : Loading secrets from AWS Secret Manager secret with name: /secret/spring-boot-localstack, optional: false
2024-01-28 19:25:58.867  INFO 34005 --- [main] i.a.c.s.AwsSecretsManagerPropertySources : Loading secrets from AWS Secret Manager secret with name: /secret/application_localstack, optional: false
2024-01-28 19:25:58.867  INFO 34005 --- [main] i.a.c.s.AwsSecretsManagerPropertySources : Loading secrets from AWS Secret Manager secret with name: /secret/application, optional: false
2024-01-28 19:25:59.687  INFO 34005 --- [main] o.s.cloud.context.scope.GenericScope     : BeanFactory id=54f43b14-9aeb-3d70-8358-63a45669c884
2024-01-28 19:25:59.973  INFO 34005 --- [main] o.s.b.w.embedded.tomcat.TomcatWebServer  : Tomcat initialized with port(s): 8080 (http)
2024-01-28 19:25:59.981  INFO 34005 --- [main] o.apache.catalina.core.StandardService   : Starting service [Tomcat]
2024-01-28 19:25:59.982  INFO 34005 --- [main] org.apache.catalina.core.StandardEngine  : Starting Servlet engine: [Apache Tomcat/9.0.71]
2024-01-28 19:26:00.062  INFO 34005 --- [main] o.a.c.c.C.[Tomcat].[localhost].[/]       : Initializing Spring embedded WebApplicationContext
2024-01-28 19:26:00.062  INFO 34005 --- [main] w.s.c.ServletWebServerApplicationContext : Root WebApplicationContext: initialization completed in 1194 ms
2024-01-28 19:26:00.923  INFO 34005 --- [main] o.s.b.w.embedded.tomcat.TomcatWebServer  : Tomcat started on port(s): 8080 (http) with context path ''
2024-01-28 19:26:00.990  INFO 34005 --- [main] b.c.s.SpringbootLocalstackApplication    : Started SpringbootLocalstackApplication in 5.023 seconds (JVM running for 5.99)
2024-01-28 19:26:01.016  INFO 34005 --- [simpleMessageListenerContainer-2] b.com.softwalter.sqs.SqsMessageListener  : Hello World SQS!!!
2024-01-28 19:26:27.461  INFO 34005 --- [http-nio-8080-exec-1] o.a.c.c.C.[Tomcat].[localhost].[/]       : Initializing Spring DispatcherServlet 'dispatcherServlet'
2024-01-28 19:26:27.462  INFO 34005 --- [http-nio-8080-exec-1] o.s.web.servlet.DispatcherServlet        : Initializing Servlet 'dispatcherServlet'
2024-01-28 19:26:27.463  INFO 34005 --- [http-nio-8080-exec-1] o.s.web.servlet.DispatcherServlet        : Completed initialization in 1 ms
2024-01-28 19:26:27.518  WARN 34005 --- [http-nio-8080-exec-1] com.amazonaws.util.Base64                : JAXB is unavailable. Will fallback to SDK implementation which may be less performant.If you are using Java 9+, you will need to include javax.xml.bind:jaxb-api as a dependency.
2024-01-28 19:35:40.773  INFO 34005 --- [simpleMessageListenerContainer-2] b.com.softwalter.sqs.SqsMessageListener  : {"Type": "Notification", "MessageId": "9a5c965e-dd0b-4e29-979b-f3cb2cd48b6f", "TopicArn": "arn:aws:sns:us-east-1:000000000000:snsHelloWorld", "Message": "uhuhuhuhuh", "Timestamp": "2024-01-28T22:35:40.726Z", "UnsubscribeURL": "http://localhost.localstack.cloud:4566/?Action=Unsubscribe&SubscriptionArn=arn:aws:sns:us-east-1:000000000000:snsHelloWorld:ddff852c-2702-4125-95e1-8764667245c4", "MessageAttributes": {"id": {"Type": "String", "Value": "df577866-01fe-6647-a443-326757bce639"}, "contentType": {"Type": "String", "Value": "text/plain;charset=UTF-8"}, "timestamp": {"Type": "Number.java.lang.Long", "Value": "1706481340721"}}, "SignatureVersion": "1", "Signature": "o2LZsQjjgMe9c6ByBt0BoDheOTadiPpA+Qnbfjmgivo3i9wgnKfwOfLoM6RJO/JTWglv6+DrGyuyKWNeEaPIw9/JjkGkjmTyA5rcANaiWiIQF+OwxV/sqFPVpyoPl3w++3HF34yiaVxdmrX2ya2hrPE9ORMdQxEC+oYKNNzhU/I55jNIi96+HhM8ZkOQGuutCoegBBqq83fd8EpD4uhTlpRqD+b88T2EwIZrlbG6r/XSz28pjE9v6o5+EUFx2jcxOPbr/xM/ZLzGrjFKAmPZIaaYENRIn9vxPu4VsRL9TxRI/P/RoP9ghJ71INe9fgPGZHmcHhR40qbJGfY/QRP7kw==", "SigningCertURL": "http://localhost.localstack.cloud:4566/_aws/sns/SimpleNotificationService-6c6f63616c737461636b69736e696365.pem"}
